2025-05-25 22:06:39,811 [INFO] Account updated: Cash=$100000.00, Portfolio=$100000.00, Buying Power=$200000.00, Positions=0
2025-05-25 22:06:42,558 [INFO] Complete Alpaca Strategy initialized in live mode
2025-05-25 22:06:42,558 [INFO] Starting Complete Alpaca Strategy...
2025-05-25 22:06:42,562 [INFO] Async components started in separate threads
2025-05-25 22:06:42,562 [INFO] Updating market data...
2025-05-25 22:06:42,564 [ERROR] News streaming error: 'StockDataStream' object has no attribute 'on_news'
2025-05-25 22:06:42,719 [WARNING] Invalid data for V: Data too old: 70.1 hours
2025-05-25 22:06:42,786 [WARNING] Invalid data for LCID: Data too old: 70.1 hours
2025-05-25 22:06:42,880 [WARNING] Invalid data for C: Data too old: 70.1 hours
2025-05-25 22:06:42,948 [WARNING] Invalid data for RIVN: Data too old: 70.1 hours
2025-05-25 22:06:43,010 [WARNING] Invalid data for AI: Data too old: 70.1 hours
2025-05-25 22:06:43,077 [WARNING] Invalid data for FCX: Data too old: 70.1 hours
2025-05-25 22:06:43,136 [WARNING] Invalid data for NVDA: Data too old: 70.1 hours
2025-05-25 22:06:43,245 [WARNING] Invalid data for NET: Data too old: 70.1 hours
2025-05-25 22:06:43,304 [WARNING] Invalid data for GS: Data too old: 70.1 hours
2025-05-25 22:06:43,355 [WARNING] Invalid data for CVX: Data too old: 70.1 hours
2025-05-25 22:06:43,509 [WARNING] Invalid data for USB: Data too old: 70.1 hours
2025-05-25 22:06:43,564 [WARNING] Invalid data for PEP: Data too old: 70.1 hours
2025-05-25 22:06:43,619 [WARNING] Invalid data for XLV: Data too old: 70.1 hours
2025-05-25 22:06:43,695 [WARNING] Invalid data for GOOGL: Data too old: 70.1 hours
2025-05-25 22:06:43,749 [WARNING] Invalid data for JPM: Data too old: 70.1 hours
2025-05-25 22:06:43,818 [WARNING] Invalid data for UNH: Data too old: 70.1 hours
2025-05-25 22:06:43,877 [WARNING] Invalid data for DOCU: Data too old: 70.1 hours
2025-05-25 22:06:43,939 [WARNING] Invalid data for NFLX: Data too old: 70.1 hours
2025-05-25 22:06:43,993 [WARNING] Invalid data for META: Data too old: 70.1 hours
2025-05-25 22:06:44,106 [WARNING] Invalid data for QQQ: Data too old: 70.1 hours
2025-05-25 22:06:44,261 [WARNING] Invalid data for GME: Data too old: 70.1 hours
2025-05-25 22:06:44,331 [WARNING] Invalid data for QCOM: Data too old: 70.1 hours
2025-05-25 22:06:44,427 [WARNING] Invalid data for IWM: Data too old: 70.1 hours
2025-05-25 22:06:44,515 [WARNING] Invalid data for XLY: Data too old: 70.1 hours
2025-05-25 22:06:44,569 [WARNING] Invalid data for TFC: Data too old: 70.1 hours
2025-05-25 22:06:44,632 [WARNING] Invalid data for SHOP: Data too old: 70.1 hours
2025-05-25 22:06:44,686 [WARNING] Invalid data for PYPL: Data too old: 70.1 hours
2025-05-25 22:06:44,747 [WARNING] Invalid data for HD: Data too old: 70.1 hours
2025-05-25 22:06:44,809 [WARNING] Invalid data for ADBE: Data too old: 70.1 hours
2025-05-25 22:06:44,870 [WARNING] Invalid data for BA: Data too old: 70.1 hours
2025-05-25 22:06:45,025 [WARNING] Invalid data for AMC: Data too old: 70.1 hours
2025-05-25 22:06:45,091 [WARNING] Invalid data for ZM: Data too old: 70.1 hours
2025-05-25 22:06:45,165 [WARNING] Invalid data for MSFT: Data too old: 70.1 hours
2025-05-25 22:06:45,231 [WARNING] Invalid data for XLK: Data too old: 70.1 hours
2025-05-25 22:06:45,290 [WARNING] Invalid data for CRM: Data too old: 70.1 hours
2025-05-25 22:06:45,371 [WARNING] Invalid data for ROKU: Data too old: 70.1 hours
2025-05-25 22:06:45,440 [WARNING] Invalid data for UAL: Data too old: 70.1 hours
2025-05-25 22:06:45,492 [WARNING] Invalid data for SPGI: Data too old: 70.1 hours
2025-05-25 22:06:45,576 [WARNING] Invalid data for DAL: Data too old: 70.1 hours
2025-05-25 22:06:45,651 [WARNING] Invalid data for MSTR: Data too old: 70.1 hours
2025-05-25 22:06:45,824 [WARNING] Invalid data for ORCL: Data too old: 70.1 hours
2025-05-25 22:06:45,890 [WARNING] Invalid data for BAC: Data too old: 70.1 hours
2025-05-25 22:06:45,944 [WARNING] Invalid data for PNC: Data too old: 70.1 hours
2025-05-25 22:06:46,018 [WARNING] Invalid data for SNAP: Data too old: 70.1 hours
2025-05-25 22:06:46,073 [WARNING] Invalid data for PG: Data too old: 70.1 hours
2025-05-25 22:06:46,147 [WARNING] Invalid data for SCHW: Data too old: 70.1 hours
2025-05-25 22:06:46,209 [WARNING] Invalid data for AMD: Data too old: 70.1 hours
2025-05-25 22:06:46,263 [WARNING] Invalid data for MA: Data too old: 70.1 hours
2025-05-25 22:06:46,329 [WARNING] Invalid data for MCO: Data too old: 70.1 hours
2025-05-25 22:06:46,391 [WARNING] Invalid data for TWLO: Data too old: 70.1 hours
2025-05-25 22:06:46,552 [WARNING] Invalid data for AAPL: Data too old: 70.1 hours
2025-05-25 22:06:46,601 [WARNING] Invalid data for BRK.B: Data too old: 70.1 hours
2025-05-25 22:06:46,664 [WARNING] Invalid data for XLI: Data too old: 70.1 hours
2025-05-25 22:06:46,727 [WARNING] Invalid data for XLRE: Data too old: 70.1 hours
2025-05-25 22:06:46,797 [WARNING] Invalid data for CRWD: Data too old: 70.1 hours
2025-05-25 22:06:46,856 [WARNING] Invalid data for MARA: Data too old: 70.1 hours
2025-05-25 22:06:46,920 [WARNING] Invalid data for XLE: Data too old: 70.1 hours
2025-05-25 22:06:46,978 [WARNING] Invalid data for KO: Data too old: 70.1 hours
2025-05-25 22:06:47,047 [WARNING] Invalid data for DDOG: Data too old: 70.1 hours
2025-05-25 22:06:47,109 [WARNING] Invalid data for CAT: Data too old: 70.1 hours
2025-05-25 22:06:47,283 [WARNING] Invalid data for DE: Data too old: 70.1 hours
2025-05-25 22:06:47,337 [WARNING] Invalid data for PINS: Data too old: 70.1 hours
2025-05-25 22:06:47,404 [WARNING] Invalid data for NUE: Data too old: 70.1 hours
2025-05-25 22:06:47,455 [WARNING] Invalid data for MS: Data too old: 70.1 hours
2025-05-25 22:06:47,507 [WARNING] Invalid data for COF: Data too old: 70.1 hours
2025-05-25 22:06:47,567 [WARNING] Invalid data for XLU: Data too old: 70.1 hours
2025-05-25 22:06:47,571 [ERROR] News streaming error: 'StockDataStream' object has no attribute 'on_news'
2025-05-25 22:06:47,671 [WARNING] Invalid data for SPY: Data too old: 70.1 hours
2025-05-25 22:06:47,730 [WARNING] Invalid data for LUV: Data too old: 70.1 hours
2025-05-25 22:06:47,795 [WARNING] Invalid data for TSLA: Data too old: 70.1 hours
2025-05-25 22:06:47,849 [WARNING] Invalid data for WMT: Data too old: 70.1 hours
2025-05-25 22:06:48,022 [WARNING] Invalid data for DIS: Data too old: 70.1 hours
2025-05-25 22:06:48,092 [WARNING] Invalid data for INTC: Data too old: 70.1 hours
2025-05-25 22:06:48,170 [WARNING] Invalid data for SOFI: Data too old: 70.1 hours
2025-05-25 22:06:48,241 [WARNING] Invalid data for COIN: Data too old: 70.1 hours
2025-05-25 22:06:48,324 [WARNING] Invalid data for BLK: Data too old: 70.1 hours
2025-05-25 22:06:48,390 [WARNING] Invalid data for SNOW: Data too old: 70.1 hours
2025-05-25 22:06:48,455 [WARNING] Invalid data for PLTR: Data too old: 70.1 hours
2025-05-25 22:06:48,509 [WARNING] Invalid data for AAL: Data too old: 70.1 hours
2025-05-25 22:06:48,565 [WARNING] Invalid data for AVGO: Data too old: 70.1 hours
2025-05-25 22:06:48,617 [WARNING] Invalid data for XLP: Data too old: 70.1 hours
2025-05-25 22:06:48,797 [WARNING] Invalid data for RIOT: Data too old: 70.1 hours
2025-05-25 22:06:48,854 [WARNING] Invalid data for AXP: Data too old: 70.1 hours
2025-05-25 22:06:48,907 [WARNING] Invalid data for XOM: Data too old: 70.1 hours
2025-05-25 22:06:48,961 [WARNING] Invalid data for WFC: Data too old: 70.1 hours
2025-05-25 22:06:49,055 [WARNING] Invalid data for AMZN: Data too old: 70.1 hours
2025-05-25 22:06:49,126 [WARNING] Invalid data for SMCI: Data too old: 70.1 hours
2025-05-25 22:06:49,636 [WARNING] Could not get VIX data
2025-05-25 22:06:49,700 [WARNING] Could not get rate data
2025-05-25 22:06:49,700 [ERROR] 策略错误: 'AlpacaCompleteStrategy' object has no attribute 'update_market_sentiment'
Traceback (most recent call last):
  File "C:\Users\zzy12\OneDrive\桌面\alpaca_trading_strategy\run_paper_trading.py", line 51, in main
    strategy.run_live_trading()
  File "C:\Users\zzy12\OneDrive\桌面\alpaca_trading_strategy\complete_trading_strategy.py", line 1294, in run_live_trading
    self.update_market_data()
  File "C:\Users\zzy12\OneDrive\桌面\alpaca_trading_strategy\complete_trading_strategy.py", line 751, in update_market_data
    self.update_market_sentiment()
    ^^^^^^^^^^^^^^^^^^^^^^^^^^^^
AttributeError: 'AlpacaCompleteStrategy' object has no attribute 'update_market_sentiment'
2025-05-25 22:06:52,589 [ERROR] News streaming error: 'StockDataStream' object has no attribute 'on_news'
2025-05-25 22:06:57,608 [ERROR] News streaming error: 'StockDataStream' object has no attribute 'on_news'
2025-05-25 22:07:02,614 [ERROR] News streaming error: 'StockDataStream' object has no attribute 'on_news'
2025-05-25 22:07:07,618 [ERROR] News streaming error: 'StockDataStream' object has no attribute 'on_news'
2025-05-25 22:07:12,621 [ERROR] News streaming error: 'StockDataStream' object has no attribute 'on_news'
2025-05-25 22:07:17,637 [ERROR] News streaming error: 'StockDataStream' object has no attribute 'on_news'
2025-05-25 22:07:22,647 [ERROR] News streaming error: 'StockDataStream' object has no attribute 'on_news'
2025-05-25 22:07:27,645 [ERROR] News streaming error: 'StockDataStream' object has no attribute 'on_news'
2025-05-25 22:07:32,668 [ERROR] News streaming error: 'StockDataStream' object has no attribute 'on_news'
2025-05-25 22:07:37,679 [ERROR] News streaming error: 'StockDataStream' object has no attribute 'on_news'
2025-05-25 22:07:42,674 [ERROR] News streaming error: 'StockDataStream' object has no attribute 'on_news'
2025-05-25 22:07:47,688 [ERROR] News streaming error: 'StockDataStream' object has no attribute 'on_news'
2025-05-25 22:07:52,697 [ERROR] News streaming error: 'StockDataStream' object has no attribute 'on_news'
2025-05-25 22:07:57,704 [ERROR] News streaming error: 'StockDataStream' object has no attribute 'on_news'
2025-05-25 22:08:02,717 [ERROR] News streaming error: 'StockDataStream' object has no attribute 'on_news'
2025-05-25 22:08:07,738 [ERROR] News streaming error: 'StockDataStream' object has no attribute 'on_news'
2025-05-25 22:08:12,739 [ERROR] News streaming error: 'StockDataStream' object has no attribute 'on_news'
2025-05-25 22:08:17,738 [ERROR] News streaming error: 'StockDataStream' object has no attribute 'on_news'
2025-05-25 22:08:22,747 [ERROR] News streaming error: 'StockDataStream' object has no attribute 'on_news'
2025-05-25 22:08:27,752 [ERROR] News streaming error: 'StockDataStream' object has no attribute 'on_news'
2025-05-25 22:08:32,754 [ERROR] News streaming error: 'StockDataStream' object has no attribute 'on_news'
2025-05-25 22:08:37,761 [ERROR] News streaming error: 'StockDataStream' object has no attribute 'on_news'
2025-05-25 22:08:42,778 [ERROR] News streaming error: 'StockDataStream' object has no attribute 'on_news'
2025-05-25 22:08:47,798 [ERROR] News streaming error: 'StockDataStream' object has no attribute 'on_news'
2025-05-25 22:08:52,817 [ERROR] News streaming error: 'StockDataStream' object has no attribute 'on_news'
2025-05-25 22:08:57,828 [ERROR] News streaming error: 'StockDataStream' object has no attribute 'on_news'
2025-05-25 22:09:02,854 [ERROR] News streaming error: 'StockDataStream' object has no attribute 'on_news'
2025-05-25 22:09:07,867 [ERROR] News streaming error: 'StockDataStream' object has no attribute 'on_news'
2025-05-25 22:09:12,882 [ERROR] News streaming error: 'StockDataStream' object has no attribute 'on_news'
2025-05-25 22:09:17,899 [ERROR] News streaming error: 'StockDataStream' object has no attribute 'on_news'
2025-05-25 22:09:22,901 [ERROR] News streaming error: 'StockDataStream' object has no attribute 'on_news'
2025-05-25 22:09:27,911 [ERROR] News streaming error: 'StockDataStream' object has no attribute 'on_news'
2025-05-25 22:09:32,921 [ERROR] News streaming error: 'StockDataStream' object has no attribute 'on_news'
2025-05-25 22:09:37,926 [ERROR] News streaming error: 'StockDataStream' object has no attribute 'on_news'
2025-05-25 22:09:42,926 [ERROR] News streaming error: 'StockDataStream' object has no attribute 'on_news'
2025-05-25 22:09:47,923 [ERROR] News streaming error: 'StockDataStream' object has no attribute 'on_news'
2025-05-25 22:09:52,954 [ERROR] News streaming error: 'StockDataStream' object has no attribute 'on_news'
2025-05-25 22:09:57,958 [ERROR] News streaming error: 'StockDataStream' object has no attribute 'on_news'
2025-05-25 22:10:02,969 [ERROR] News streaming error: 'StockDataStream' object has no attribute 'on_news'
2025-05-25 22:10:07,977 [ERROR] News streaming error: 'StockDataStream' object has no attribute 'on_news'
2025-05-25 22:10:12,996 [ERROR] News streaming error: 'StockDataStream' object has no attribute 'on_news'
2025-05-25 22:10:18,010 [ERROR] News streaming error: 'StockDataStream' object has no attribute 'on_news'
2025-05-25 22:10:23,018 [ERROR] News streaming error: 'StockDataStream' object has no attribute 'on_news'
2025-05-25 22:10:28,024 [ERROR] News streaming error: 'StockDataStream' object has no attribute 'on_news'
2025-05-25 22:10:33,040 [ERROR] News streaming error: 'StockDataStream' object has no attribute 'on_news'
2025-05-25 22:10:38,058 [ERROR] News streaming error: 'StockDataStream' object has no attribute 'on_news'
2025-05-25 22:10:43,066 [ERROR] News streaming error: 'StockDataStream' object has no attribute 'on_news'
2025-05-25 22:10:48,073 [ERROR] News streaming error: 'StockDataStream' object has no attribute 'on_news'
2025-05-25 22:10:53,086 [ERROR] News streaming error: 'StockDataStream' object has no attribute 'on_news'
2025-05-25 22:10:58,101 [ERROR] News streaming error: 'StockDataStream' object has no attribute 'on_news'
2025-05-25 22:11:03,129 [ERROR] News streaming error: 'StockDataStream' object has no attribute 'on_news'
2025-05-25 22:11:08,129 [ERROR] News streaming error: 'StockDataStream' object has no attribute 'on_news'
2025-05-25 22:11:13,140 [ERROR] News streaming error: 'StockDataStream' object has no attribute 'on_news'
2025-05-25 22:11:18,147 [ERROR] News streaming error: 'StockDataStream' object has no attribute 'on_news'
2025-05-25 22:11:23,147 [ERROR] News streaming error: 'StockDataStream' object has no attribute 'on_news'
2025-05-25 22:11:28,138 [ERROR] News streaming error: 'StockDataStream' object has no attribute 'on_news'
2025-05-25 22:11:33,152 [ERROR] News streaming error: 'StockDataStream' object has no attribute 'on_news'
2025-05-25 22:11:38,201 [ERROR] News streaming error: 'StockDataStream' object has no attribute 'on_news'
2025-05-25 22:11:43,218 [ERROR] News streaming error: 'StockDataStream' object has no attribute 'on_news'
2025-05-25 22:11:48,214 [ERROR] News streaming error: 'StockDataStream' object has no attribute 'on_news'
2025-05-25 22:11:53,228 [ERROR] News streaming error: 'StockDataStream' object has no attribute 'on_news'
2025-05-25 22:11:58,244 [ERROR] News streaming error: 'StockDataStream' object has no attribute 'on_news'
2025-05-25 22:12:03,251 [ERROR] News streaming error: 'StockDataStream' object has no attribute 'on_news'
2025-05-25 22:12:08,246 [ERROR] News streaming error: 'StockDataStream' object has no attribute 'on_news'
2025-05-25 22:12:13,248 [ERROR] News streaming error: 'StockDataStream' object has no attribute 'on_news'
2025-05-25 22:12:18,256 [ERROR] News streaming error: 'StockDataStream' object has no attribute 'on_news'
2025-05-25 22:12:23,255 [ERROR] News streaming error: 'StockDataStream' object has no attribute 'on_news'
2025-05-25 22:12:28,250 [ERROR] News streaming error: 'StockDataStream' object has no attribute 'on_news'
2025-05-25 22:12:33,253 [ERROR] News streaming error: 'StockDataStream' object has no attribute 'on_news'
2025-05-25 22:12:38,261 [ERROR] News streaming error: 'StockDataStream' object has no attribute 'on_news'
2025-05-25 22:12:43,266 [ERROR] News streaming error: 'StockDataStream' object has no attribute 'on_news'
2025-05-25 22:12:48,260 [ERROR] News streaming error: 'StockDataStream' object has no attribute 'on_news'
2025-05-25 22:12:53,272 [ERROR] News streaming error: 'StockDataStream' object has no attribute 'on_news'
2025-05-25 22:12:58,289 [ERROR] News streaming error: 'StockDataStream' object has no attribute 'on_news'
2025-05-25 22:13:03,302 [ERROR] News streaming error: 'StockDataStream' object has no attribute 'on_news'
2025-05-25 22:13:08,311 [ERROR] News streaming error: 'StockDataStream' object has no attribute 'on_news'
2025-05-25 22:13:13,311 [ERROR] News streaming error: 'StockDataStream' object has no attribute 'on_news'
2025-05-25 22:13:18,309 [ERROR] News streaming error: 'StockDataStream' object has no attribute 'on_news'
2025-05-25 22:13:23,325 [ERROR] News streaming error: 'StockDataStream' object has no attribute 'on_news'
2025-05-25 22:13:28,337 [ERROR] News streaming error: 'StockDataStream' object has no attribute 'on_news'
2025-05-25 22:13:33,345 [ERROR] News streaming error: 'StockDataStream' object has no attribute 'on_news'
2025-05-25 22:13:38,342 [ERROR] News streaming error: 'StockDataStream' object has no attribute 'on_news'
2025-05-25 22:13:43,350 [ERROR] News streaming error: 'StockDataStream' object has no attribute 'on_news'
2025-05-25 22:13:48,355 [ERROR] News streaming error: 'StockDataStream' object has no attribute 'on_news'
2025-05-25 22:13:53,366 [ERROR] News streaming error: 'StockDataStream' object has no attribute 'on_news'
2025-05-25 22:13:58,371 [ERROR] News streaming error: 'StockDataStream' object has no attribute 'on_news'
2025-05-25 22:14:03,386 [ERROR] News streaming error: 'StockDataStream' object has no attribute 'on_news'
2025-05-25 22:14:08,393 [ERROR] News streaming error: 'StockDataStream' object has no attribute 'on_news'
2025-05-25 22:14:13,411 [ERROR] News streaming error: 'StockDataStream' object has no attribute 'on_news'
2025-05-25 22:14:18,410 [ERROR] News streaming error: 'StockDataStream' object has no attribute 'on_news'
2025-05-25 22:14:23,419 [ERROR] News streaming error: 'StockDataStream' object has no attribute 'on_news'
2025-05-25 22:14:28,426 [ERROR] News streaming error: 'StockDataStream' object has no attribute 'on_news'
2025-05-25 22:14:33,421 [ERROR] News streaming error: 'StockDataStream' object has no attribute 'on_news'
2025-05-25 22:14:38,422 [ERROR] News streaming error: 'StockDataStream' object has no attribute 'on_news'
2025-05-25 22:14:43,433 [ERROR] News streaming error: 'StockDataStream' object has no attribute 'on_news'
2025-05-25 22:14:48,435 [ERROR] News streaming error: 'StockDataStream' object has no attribute 'on_news'
2025-05-25 22:14:53,439 [ERROR] News streaming error: 'StockDataStream' object has no attribute 'on_news'
2025-05-25 22:14:58,451 [ERROR] News streaming error: 'StockDataStream' object has no attribute 'on_news'
2025-05-25 22:15:03,458 [ERROR] News streaming error: 'StockDataStream' object has no attribute 'on_news'
2025-05-25 22:15:08,460 [ERROR] News streaming error: 'StockDataStream' object has no attribute 'on_news'
2025-05-25 22:15:13,465 [ERROR] News streaming error: 'StockDataStream' object has no attribute 'on_news'
2025-05-25 22:15:18,475 [ERROR] News streaming error: 'StockDataStream' object has no attribute 'on_news'
2025-05-25 22:15:23,479 [ERROR] News streaming error: 'StockDataStream' object has no attribute 'on_news'
2025-05-25 22:15:28,493 [ERROR] News streaming error: 'StockDataStream' object has no attribute 'on_news'
2025-05-25 22:15:33,512 [ERROR] News streaming error: 'StockDataStream' object has no attribute 'on_news'
2025-05-25 22:15:38,519 [ERROR] News streaming error: 'StockDataStream' object has no attribute 'on_news'
2025-05-25 22:15:43,519 [ERROR] News streaming error: 'StockDataStream' object has no attribute 'on_news'
2025-05-25 22:15:48,517 [ERROR] News streaming error: 'StockDataStream' object has no attribute 'on_news'
2025-05-25 22:15:53,519 [ERROR] News streaming error: 'StockDataStream' object has no attribute 'on_news'
2025-05-25 22:15:58,525 [ERROR] News streaming error: 'StockDataStream' object has no attribute 'on_news'
2025-05-25 22:16:03,538 [ERROR] News streaming error: 'StockDataStream' object has no attribute 'on_news'
2025-05-25 22:16:08,664 [ERROR] News streaming error: 'StockDataStream' object has no attribute 'on_news'
2025-05-25 22:16:13,683 [ERROR] News streaming error: 'StockDataStream' object has no attribute 'on_news'
2025-05-25 22:16:18,685 [ERROR] News streaming error: 'StockDataStream' object has no attribute 'on_news'
2025-05-25 22:16:23,701 [ERROR] News streaming error: 'StockDataStream' object has no attribute 'on_news'
2025-05-25 22:16:28,718 [ERROR] News streaming error: 'StockDataStream' object has no attribute 'on_news'
2025-05-25 22:16:33,721 [ERROR] News streaming error: 'StockDataStream' object has no attribute 'on_news'
2025-05-25 22:16:38,733 [ERROR] News streaming error: 'StockDataStream' object has no attribute 'on_news'
2025-05-25 22:16:43,746 [ERROR] News streaming error: 'StockDataStream' object has no attribute 'on_news'
2025-05-25 22:16:48,743 [ERROR] News streaming error: 'StockDataStream' object has no attribute 'on_news'
2025-05-25 22:16:53,756 [ERROR] News streaming error: 'StockDataStream' object has no attribute 'on_news'
2025-05-25 22:16:58,762 [ERROR] News streaming error: 'StockDataStream' object has no attribute 'on_news'
2025-05-25 22:17:03,770 [ERROR] News streaming error: 'StockDataStream' object has no attribute 'on_news'
2025-05-25 22:17:08,774 [ERROR] News streaming error: 'StockDataStream' object has no attribute 'on_news'
2025-05-25 22:17:13,789 [ERROR] News streaming error: 'StockDataStream' object has no attribute 'on_news'
2025-05-25 22:17:18,801 [ERROR] News streaming error: 'StockDataStream' object has no attribute 'on_news'
2025-05-25 22:17:23,809 [ERROR] News streaming error: 'StockDataStream' object has no attribute 'on_news'
2025-05-25 22:17:28,815 [ERROR] News streaming error: 'StockDataStream' object has no attribute 'on_news'
2025-05-25 22:17:33,821 [ERROR] News streaming error: 'StockDataStream' object has no attribute 'on_news'
2025-05-25 22:17:38,846 [ERROR] News streaming error: 'StockDataStream' object has no attribute 'on_news'
2025-05-25 22:17:43,839 [ERROR] News streaming error: 'StockDataStream' object has no attribute 'on_news'
2025-05-25 22:17:48,854 [ERROR] News streaming error: 'StockDataStream' object has no attribute 'on_news'
2025-05-25 22:17:53,863 [ERROR] News streaming error: 'StockDataStream' object has no attribute 'on_news'
2025-05-25 22:17:58,860 [ERROR] News streaming error: 'StockDataStream' object has no attribute 'on_news'
2025-05-25 22:18:03,853 [ERROR] News streaming error: 'StockDataStream' object has no attribute 'on_news'
2025-05-25 22:18:08,869 [ERROR] News streaming error: 'StockDataStream' object has no attribute 'on_news'
2025-05-25 22:18:13,880 [ERROR] News streaming error: 'StockDataStream' object has no attribute 'on_news'
2025-05-25 22:18:18,876 [ERROR] News streaming error: 'StockDataStream' object has no attribute 'on_news'
2025-05-25 22:18:23,884 [ERROR] News streaming error: 'StockDataStream' object has no attribute 'on_news'
2025-05-25 22:18:28,906 [ERROR] News streaming error: 'StockDataStream' object has no attribute 'on_news'
2025-05-25 22:18:33,919 [ERROR] News streaming error: 'StockDataStream' object has no attribute 'on_news'
2025-05-25 22:18:38,917 [ERROR] News streaming error: 'StockDataStream' object has no attribute 'on_news'
2025-05-25 22:18:43,937 [ERROR] News streaming error: 'StockDataStream' object has no attribute 'on_news'
2025-05-25 22:18:48,946 [ERROR] News streaming error: 'StockDataStream' object has no attribute 'on_news'
2025-05-25 22:18:53,959 [ERROR] News streaming error: 'StockDataStream' object has no attribute 'on_news'
2025-05-25 22:18:58,971 [ERROR] News streaming error: 'StockDataStream' object has no attribute 'on_news'
2025-05-25 22:19:03,975 [ERROR] News streaming error: 'StockDataStream' object has no attribute 'on_news'
2025-05-25 22:19:08,993 [ERROR] News streaming error: 'StockDataStream' object has no attribute 'on_news'
2025-05-25 22:19:14,005 [ERROR] News streaming error: 'StockDataStream' object has no attribute 'on_news'
2025-05-25 22:19:19,007 [ERROR] News streaming error: 'StockDataStream' object has no attribute 'on_news'
2025-05-25 22:19:24,009 [ERROR] News streaming error: 'StockDataStream' object has no attribute 'on_news'
2025-05-25 22:19:29,028 [ERROR] News streaming error: 'StockDataStream' object has no attribute 'on_news'
2025-05-25 22:19:34,033 [ERROR] News streaming error: 'StockDataStream' object has no attribute 'on_news'
2025-05-25 22:19:39,031 [ERROR] News streaming error: 'StockDataStream' object has no attribute 'on_news'
2025-05-25 22:19:44,052 [ERROR] News streaming error: 'StockDataStream' object has no attribute 'on_news'
2025-05-25 22:19:49,053 [ERROR] News streaming error: 'StockDataStream' object has no attribute 'on_news'
2025-05-25 22:19:54,069 [ERROR] News streaming error: 'StockDataStream' object has no attribute 'on_news'
2025-05-25 22:19:59,076 [ERROR] News streaming error: 'StockDataStream' object has no attribute 'on_news'
2025-05-25 22:20:04,083 [ERROR] News streaming error: 'StockDataStream' object has no attribute 'on_news'
2025-05-25 22:20:09,074 [ERROR] News streaming error: 'StockDataStream' object has no attribute 'on_news'
2025-05-25 22:20:14,081 [ERROR] News streaming error: 'StockDataStream' object has no attribute 'on_news'
2025-05-25 22:20:19,093 [ERROR] News streaming error: 'StockDataStream' object has no attribute 'on_news'
2025-05-25 22:20:24,113 [ERROR] News streaming error: 'StockDataStream' object has no attribute 'on_news'
2025-05-25 22:20:29,108 [ERROR] News streaming error: 'StockDataStream' object has no attribute 'on_news'
2025-05-25 22:20:34,106 [ERROR] News streaming error: 'StockDataStream' object has no attribute 'on_news'
2025-05-25 22:20:39,109 [ERROR] News streaming error: 'StockDataStream' object has no attribute 'on_news'
2025-05-25 22:20:44,107 [ERROR] News streaming error: 'StockDataStream' object has no attribute 'on_news'
2025-05-25 22:20:49,121 [ERROR] News streaming error: 'StockDataStream' object has no attribute 'on_news'
2025-05-25 22:20:54,136 [ERROR] News streaming error: 'StockDataStream' object has no attribute 'on_news'
2025-05-25 22:20:59,144 [ERROR] News streaming error: 'StockDataStream' object has no attribute 'on_news'
2025-05-25 22:21:04,143 [ERROR] News streaming error: 'StockDataStream' object has no attribute 'on_news'
2025-05-25 22:21:09,144 [ERROR] News streaming error: 'StockDataStream' object has no attribute 'on_news'
2025-05-25 22:21:14,161 [ERROR] News streaming error: 'StockDataStream' object has no attribute 'on_news'
2025-05-25 22:21:19,152 [ERROR] News streaming error: 'StockDataStream' object has no attribute 'on_news'
2025-05-25 22:21:24,168 [ERROR] News streaming error: 'StockDataStream' object has no attribute 'on_news'
2025-05-25 22:21:29,167 [ERROR] News streaming error: 'StockDataStream' object has no attribute 'on_news'
2025-05-25 22:21:34,198 [ERROR] News streaming error: 'StockDataStream' object has no attribute 'on_news'
2025-05-25 22:21:39,211 [ERROR] News streaming error: 'StockDataStream' object has no attribute 'on_news'
2025-05-25 22:21:44,218 [ERROR] News streaming error: 'StockDataStream' object has no attribute 'on_news'
2025-05-25 22:21:49,235 [ERROR] News streaming error: 'StockDataStream' object has no attribute 'on_news'
2025-05-25 22:21:54,229 [ERROR] News streaming error: 'StockDataStream' object has no attribute 'on_news'
2025-05-25 22:21:59,228 [ERROR] News streaming error: 'StockDataStream' object has no attribute 'on_news'
2025-05-25 22:22:04,231 [ERROR] News streaming error: 'StockDataStream' object has no attribute 'on_news'
2025-05-25 22:22:09,243 [ERROR] News streaming error: 'StockDataStream' object has no attribute 'on_news'
2025-05-25 22:22:14,263 [ERROR] News streaming error: 'StockDataStream' object has no attribute 'on_news'
2025-05-25 22:22:19,279 [ERROR] News streaming error: 'StockDataStream' object has no attribute 'on_news'
2025-05-25 22:22:24,276 [ERROR] News streaming error: 'StockDataStream' object has no attribute 'on_news'
2025-05-25 22:22:29,290 [ERROR] News streaming error: 'StockDataStream' object has no attribute 'on_news'
2025-05-25 22:22:34,310 [ERROR] News streaming error: 'StockDataStream' object has no attribute 'on_news'
2025-05-25 22:22:39,310 [ERROR] News streaming error: 'StockDataStream' object has no attribute 'on_news'
2025-05-25 22:22:44,312 [ERROR] News streaming error: 'StockDataStream' object has no attribute 'on_news'
2025-05-25 22:22:49,317 [ERROR] News streaming error: 'StockDataStream' object has no attribute 'on_news'
2025-05-25 22:22:54,313 [ERROR] News streaming error: 'StockDataStream' object has no attribute 'on_news'
2025-05-25 22:22:59,313 [ERROR] News streaming error: 'StockDataStream' object has no attribute 'on_news'
2025-05-25 22:23:04,313 [ERROR] News streaming error: 'StockDataStream' object has no attribute 'on_news'
2025-05-25 22:23:09,317 [ERROR] News streaming error: 'StockDataStream' object has no attribute 'on_news'
2025-05-25 22:23:14,305 [ERROR] News streaming error: 'StockDataStream' object has no attribute 'on_news'
2025-05-25 22:23:19,333 [ERROR] News streaming error: 'StockDataStream' object has no attribute 'on_news'
2025-05-25 22:23:24,339 [ERROR] News streaming error: 'StockDataStream' object has no attribute 'on_news'
2025-05-25 22:23:29,344 [ERROR] News streaming error: 'StockDataStream' object has no attribute 'on_news'
2025-05-25 22:23:34,345 [ERROR] News streaming error: 'StockDataStream' object has no attribute 'on_news'
2025-05-25 22:23:39,352 [ERROR] News streaming error: 'StockDataStream' object has no attribute 'on_news'
2025-05-25 22:23:44,368 [ERROR] News streaming error: 'StockDataStream' object has no attribute 'on_news'
2025-05-25 22:23:49,354 [ERROR] News streaming error: 'StockDataStream' object has no attribute 'on_news'
2025-05-25 22:23:54,358 [ERROR] News streaming error: 'StockDataStream' object has no attribute 'on_news'
2025-05-25 22:23:59,362 [ERROR] News streaming error: 'StockDataStream' object has no attribute 'on_news'
2025-05-25 22:24:04,374 [ERROR] News streaming error: 'StockDataStream' object has no attribute 'on_news'
2025-05-25 22:24:09,405 [ERROR] News streaming error: 'StockDataStream' object has no attribute 'on_news'
2025-05-25 22:24:14,403 [ERROR] News streaming error: 'StockDataStream' object has no attribute 'on_news'
2025-05-25 22:24:19,413 [ERROR] News streaming error: 'StockDataStream' object has no attribute 'on_news'
2025-05-25 22:24:24,426 [ERROR] News streaming error: 'StockDataStream' object has no attribute 'on_news'
2025-05-25 22:24:29,426 [ERROR] News streaming error: 'StockDataStream' object has no attribute 'on_news'
2025-05-25 22:24:34,434 [ERROR] News streaming error: 'StockDataStream' object has no attribute 'on_news'
2025-05-25 22:24:39,446 [ERROR] News streaming error: 'StockDataStream' object has no attribute 'on_news'
2025-05-25 22:24:44,455 [ERROR] News streaming error: 'StockDataStream' object has no attribute 'on_news'
2025-05-25 22:24:49,464 [ERROR] News streaming error: 'StockDataStream' object has no attribute 'on_news'
2025-05-25 22:24:54,476 [ERROR] News streaming error: 'StockDataStream' object has no attribute 'on_news'
2025-05-25 22:24:59,494 [ERROR] News streaming error: 'StockDataStream' object has no attribute 'on_news'
2025-05-25 22:25:04,503 [ERROR] News streaming error: 'StockDataStream' object has no attribute 'on_news'
2025-05-25 22:25:09,516 [ERROR] News streaming error: 'StockDataStream' object has no attribute 'on_news'
2025-05-25 22:25:14,521 [ERROR] News streaming error: 'StockDataStream' object has no attribute 'on_news'
2025-05-25 22:25:19,510 [ERROR] News streaming error: 'StockDataStream' object has no attribute 'on_news'
2025-05-25 22:25:24,513 [ERROR] News streaming error: 'StockDataStream' object has no attribute 'on_news'
2025-05-25 22:25:29,526 [ERROR] News streaming error: 'StockDataStream' object has no attribute 'on_news'
2025-05-25 22:25:34,534 [ERROR] News streaming error: 'StockDataStream' object has no attribute 'on_news'
2025-05-25 22:25:39,530 [ERROR] News streaming error: 'StockDataStream' object has no attribute 'on_news'
2025-05-25 22:25:44,528 [ERROR] News streaming error: 'StockDataStream' object has no attribute 'on_news'
2025-05-25 22:25:49,539 [ERROR] News streaming error: 'StockDataStream' object has no attribute 'on_news'
2025-05-25 22:25:54,547 [ERROR] News streaming error: 'StockDataStream' object has no attribute 'on_news'
2025-05-25 22:25:59,544 [ERROR] News streaming error: 'StockDataStream' object has no attribute 'on_news'
2025-05-25 22:26:04,555 [ERROR] News streaming error: 'StockDataStream' object has no attribute 'on_news'
2025-05-25 22:26:09,563 [ERROR] News streaming error: 'StockDataStream' object has no attribute 'on_news'
2025-05-25 22:26:14,557 [ERROR] News streaming error: 'StockDataStream' object has no attribute 'on_news'
2025-05-25 22:26:19,565 [ERROR] News streaming error: 'StockDataStream' object has no attribute 'on_news'
2025-05-25 22:26:24,555 [ERROR] News streaming error: 'StockDataStream' object has no attribute 'on_news'
2025-05-25 22:26:29,568 [ERROR] News streaming error: 'StockDataStream' object has no attribute 'on_news'
2025-05-25 22:26:34,567 [ERROR] News streaming error: 'StockDataStream' object has no attribute 'on_news'
2025-05-25 22:29:00,280 [INFO] Account updated: Cash=$100000.00, Portfolio=$100000.00, Buying Power=$200000.00, Positions=0
2025-05-25 22:29:00,391 [INFO] Complete Alpaca Strategy initialized in live mode
2025-05-25 22:29:00,391 [INFO] Starting Complete Alpaca Strategy...
2025-05-25 22:29:00,391 [INFO] Async components started in separate threads
2025-05-25 22:29:00,391 [INFO] Updating market data...
2025-05-25 22:29:00,407 [ERROR] News streaming error: 'StockDataStream' object has no attribute 'on_news'
2025-05-25 22:29:00,598 [WARNING] Invalid data for COIN: Data too old: 70.5 hours
2025-05-25 22:29:00,662 [WARNING] Invalid data for WMT: Data too old: 70.5 hours
2025-05-25 22:29:00,742 [WARNING] Invalid data for SCHW: Data too old: 70.5 hours
2025-05-25 22:29:00,806 [WARNING] Invalid data for ADBE: Data too old: 70.5 hours
2025-05-25 22:29:00,870 [WARNING] Invalid data for KO: Data too old: 70.5 hours
2025-05-25 22:29:00,952 [WARNING] Invalid data for DAL: Data too old: 70.5 hours
2025-05-25 22:29:01,014 [WARNING] Invalid data for NVDA: Data too old: 70.5 hours
2025-05-25 22:29:01,077 [WARNING] Invalid data for WFC: Data too old: 70.5 hours
2025-05-25 22:29:01,125 [WARNING] Invalid data for PEP: Data too old: 70.5 hours
2025-05-25 22:29:01,189 [WARNING] Invalid data for CRM: Data too old: 70.5 hours
2025-05-25 22:29:01,365 [WARNING] Invalid data for IWM: Data too old: 70.5 hours
2025-05-25 22:29:01,413 [WARNING] Invalid data for XLU: Data too old: 70.5 hours
2025-05-25 22:29:01,477 [WARNING] Invalid data for ROKU: Data too old: 70.5 hours
2025-05-25 22:29:01,524 [WARNING] Invalid data for FCX: Data too old: 70.5 hours
2025-05-25 22:29:01,605 [WARNING] Invalid data for AXP: Data too old: 70.5 hours
2025-05-25 22:29:01,662 [WARNING] Invalid data for XLK: Data too old: 70.5 hours
2025-05-25 22:29:01,715 [WARNING] Invalid data for AMD: Data too old: 70.5 hours
2025-05-25 22:29:01,780 [WARNING] Invalid data for ORCL: Data too old: 70.5 hours
2025-05-25 22:29:01,859 [WARNING] Invalid data for SNAP: Data too old: 70.5 hours
2025-05-25 22:29:01,923 [WARNING] Invalid data for AAL: Data too old: 70.5 hours
2025-05-25 22:29:02,074 [WARNING] Invalid data for V: Data too old: 70.5 hours
2025-05-25 22:29:02,148 [WARNING] Invalid data for SMCI: Data too old: 70.5 hours
2025-05-25 22:29:02,194 [WARNING] Invalid data for TSLA: Data too old: 70.5 hours
2025-05-25 22:29:02,271 [WARNING] Invalid data for QQQ: Data too old: 70.5 hours
2025-05-25 22:29:02,320 [WARNING] Invalid data for MCO: Data too old: 70.5 hours
2025-05-25 22:29:02,383 [WARNING] Invalid data for RIVN: Data too old: 70.5 hours
2025-05-25 22:29:02,430 [WARNING] Invalid data for BRK.B: Data too old: 70.5 hours
2025-05-25 22:29:02,494 [WARNING] Invalid data for BA: Data too old: 70.5 hours
2025-05-25 22:29:02,574 [WARNING] Invalid data for QCOM: Data too old: 70.5 hours
2025-05-25 22:29:02,653 [WARNING] Invalid data for MARA: Data too old: 70.5 hours
2025-05-25 22:29:02,796 [WARNING] Invalid data for UNH: Data too old: 70.5 hours
2025-05-25 22:29:02,875 [WARNING] Invalid data for XLE: Data too old: 70.5 hours
2025-05-25 22:29:02,939 [WARNING] Invalid data for MSFT: Data too old: 70.5 hours
2025-05-25 22:29:03,003 [WARNING] Invalid data for PYPL: Data too old: 70.5 hours
2025-05-25 22:29:03,098 [WARNING] Invalid data for LUV: Data too old: 70.5 hours
2025-05-25 22:29:03,146 [WARNING] Invalid data for MA: Data too old: 70.5 hours
2025-05-25 22:29:03,210 [WARNING] Invalid data for AAPL: Data too old: 70.5 hours
2025-05-25 22:29:03,274 [WARNING] Invalid data for INTC: Data too old: 70.5 hours
2025-05-25 22:29:03,338 [WARNING] Invalid data for RIOT: Data too old: 70.5 hours
2025-05-25 22:29:03,434 [WARNING] Invalid data for XLI: Data too old: 70.5 hours
2025-05-25 22:29:03,610 [WARNING] Invalid data for C: Data too old: 70.5 hours
2025-05-25 22:29:03,674 [WARNING] Invalid data for PINS: Data too old: 70.5 hours
2025-05-25 22:29:03,722 [WARNING] Invalid data for DOCU: Data too old: 70.5 hours
2025-05-25 22:29:03,786 [WARNING] Invalid data for XLY: Data too old: 70.5 hours
2025-05-25 22:29:03,835 [WARNING] Invalid data for DIS: Data too old: 70.5 hours
2025-05-25 22:29:03,897 [WARNING] Invalid data for GOOGL: Data too old: 70.5 hours
2025-05-25 22:29:03,966 [WARNING] Invalid data for NFLX: Data too old: 70.5 hours
2025-05-25 22:29:04,024 [WARNING] Invalid data for TWLO: Data too old: 70.5 hours
2025-05-25 22:29:04,072 [WARNING] Invalid data for GS: Data too old: 70.5 hours
2025-05-25 22:29:04,140 [WARNING] Invalid data for NET: Data too old: 70.5 hours
2025-05-25 22:29:04,295 [WARNING] Invalid data for CRWD: Data too old: 70.5 hours
2025-05-25 22:29:04,358 [WARNING] Invalid data for CAT: Data too old: 70.5 hours
2025-05-25 22:29:04,406 [WARNING] Invalid data for MS: Data too old: 70.5 hours
2025-05-25 22:29:04,486 [WARNING] Invalid data for SOFI: Data too old: 70.5 hours
2025-05-25 22:29:04,552 [WARNING] Invalid data for SNOW: Data too old: 70.5 hours
2025-05-25 22:29:04,614 [WARNING] Invalid data for XOM: Data too old: 70.5 hours
2025-05-25 22:29:04,678 [WARNING] Invalid data for COF: Data too old: 70.5 hours
2025-05-25 22:29:04,743 [WARNING] Invalid data for XLP: Data too old: 70.5 hours
2025-05-25 22:29:04,806 [WARNING] Invalid data for PG: Data too old: 70.5 hours
2025-05-25 22:29:04,870 [WARNING] Invalid data for SPY: Data too old: 70.5 hours
2025-05-25 22:29:05,044 [WARNING] Invalid data for PNC: Data too old: 70.5 hours
2025-05-25 22:29:05,108 [WARNING] Invalid data for AI: Data too old: 70.5 hours
2025-05-25 22:29:05,171 [WARNING] Invalid data for USB: Data too old: 70.5 hours
2025-05-25 22:29:05,251 [WARNING] Invalid data for GME: Data too old: 70.5 hours
2025-05-25 22:29:05,315 [WARNING] Invalid data for BLK: Data too old: 70.5 hours
2025-05-25 22:29:05,395 [WARNING] Invalid data for XLV: Data too old: 70.5 hours
2025-05-25 22:29:05,411 [ERROR] News streaming error: 'StockDataStream' object has no attribute 'on_news'
2025-05-25 22:29:05,459 [WARNING] Invalid data for NUE: Data too old: 70.5 hours
2025-05-25 22:29:05,507 [WARNING] Invalid data for JPM: Data too old: 70.5 hours
2025-05-25 22:29:05,587 [WARNING] Invalid data for ZM: Data too old: 70.5 hours
2025-05-25 22:29:05,651 [WARNING] Invalid data for HD: Data too old: 70.5 hours
2025-05-25 22:29:05,841 [WARNING] Invalid data for UAL: Data too old: 70.5 hours
2025-05-25 22:29:05,905 [WARNING] Invalid data for SPGI: Data too old: 70.5 hours
2025-05-25 22:29:06,020 [WARNING] Invalid data for BAC: Data too old: 70.5 hours
2025-05-25 22:29:06,082 [WARNING] Invalid data for TFC: Data too old: 70.5 hours
2025-05-25 22:29:06,164 [WARNING] Invalid data for CVX: Data too old: 70.5 hours
2025-05-25 22:29:06,243 [WARNING] Invalid data for AMC: Data too old: 70.5 hours
2025-05-25 22:29:06,291 [WARNING] Invalid data for META: Data too old: 70.5 hours
2025-05-25 22:29:06,356 [WARNING] Invalid data for AMZN: Data too old: 70.5 hours
2025-05-25 22:29:06,419 [WARNING] Invalid data for LCID: Data too old: 70.5 hours
2025-05-25 22:29:06,474 [WARNING] Invalid data for SHOP: Data too old: 70.5 hours
2025-05-25 22:29:06,645 [WARNING] Invalid data for DDOG: Data too old: 70.5 hours
2025-05-25 22:29:06,710 [WARNING] Invalid data for DE: Data too old: 70.5 hours
2025-05-25 22:29:06,776 [WARNING] Invalid data for AVGO: Data too old: 70.5 hours
2025-05-25 22:29:06,819 [WARNING] Invalid data for XLRE: Data too old: 70.5 hours
2025-05-25 22:29:06,883 [WARNING] Invalid data for PLTR: Data too old: 70.5 hours
2025-05-25 22:29:06,947 [WARNING] Invalid data for MSTR: Data too old: 70.5 hours
2025-05-25 22:29:07,254 [WARNING] Could not get VIX data
2025-05-25 22:29:07,314 [WARNING] Could not get rate data
2025-05-25 22:29:07,314 [INFO] Market sentiment: 0.000 (neutral), Confidence: 0.00
2025-05-25 22:29:07,314 [INFO] Calculating factor scores...
2025-05-25 22:29:07,314 [INFO] Market data updated: 0/86 symbols
2025-05-25 22:29:07,314 [WARNING] Failed symbols: ['COIN', 'WMT', 'SCHW', 'ADBE', 'KO', 'DAL', 'NVDA', 'WFC', 'PEP', 'CRM']...
2025-05-25 22:29:07,362 [INFO] Account updated: Cash=$100000.00, Portfolio=$100000.00, Buying Power=$200000.00, Positions=0
2025-05-25 22:29:07,362 [ERROR] 策略错误: 'AlpacaCompleteStrategy' object has no attribute 'morning_preparation'
Traceback (most recent call last):
  File "C:\Users\zzy12\OneDrive\桌面\alpaca_trading_strategy\run_weekend_test.py", line 56, in main
    strategy.run_live_trading()
  File "C:\Users\zzy12\OneDrive\桌面\alpaca_trading_strategy\complete_trading_strategy.py", line 1752, in run_live_trading
    schedule.every().day.at("09:00").do(self.morning_preparation)
                                        ^^^^^^^^^^^^^^^^^^^^^^^^
AttributeError: 'AlpacaCompleteStrategy' object has no attribute 'morning_preparation'
2025-05-25 22:29:10,408 [ERROR] News streaming error: 'StockDataStream' object has no attribute 'on_news'
2025-05-25 22:29:15,449 [ERROR] News streaming error: 'StockDataStream' object has no attribute 'on_news'
2025-05-25 22:29:20,463 [ERROR] News streaming error: 'StockDataStream' object has no attribute 'on_news'
2025-05-25 22:29:25,467 [ERROR] News streaming error: 'StockDataStream' object has no attribute 'on_news'
2025-05-25 22:29:30,471 [ERROR] News streaming error: 'StockDataStream' object has no attribute 'on_news'
2025-05-25 22:29:35,475 [ERROR] News streaming error: 'StockDataStream' object has no attribute 'on_news'
2025-05-25 22:29:40,483 [ERROR] News streaming error: 'StockDataStream' object has no attribute 'on_news'
2025-05-25 22:29:45,483 [ERROR] News streaming error: 'StockDataStream' object has no attribute 'on_news'
2025-05-25 22:29:50,489 [ERROR] News streaming error: 'StockDataStream' object has no attribute 'on_news'
2025-05-25 22:29:55,485 [ERROR] News streaming error: 'StockDataStream' object has no attribute 'on_news'
2025-05-25 22:30:00,491 [ERROR] News streaming error: 'StockDataStream' object has no attribute 'on_news'
2025-05-25 22:30:05,496 [ERROR] News streaming error: 'StockDataStream' object has no attribute 'on_news'
2025-05-25 22:30:10,501 [ERROR] News streaming error: 'StockDataStream' object has no attribute 'on_news'
2025-05-25 22:30:15,514 [ERROR] News streaming error: 'StockDataStream' object has no attribute 'on_news'
2025-05-25 22:30:20,520 [ERROR] News streaming error: 'StockDataStream' object has no attribute 'on_news'
2025-05-25 22:30:25,512 [ERROR] News streaming error: 'StockDataStream' object has no attribute 'on_news'
2025-05-25 22:30:30,521 [ERROR] News streaming error: 'StockDataStream' object has no attribute 'on_news'
2025-05-25 22:30:35,527 [ERROR] News streaming error: 'StockDataStream' object has no attribute 'on_news'
2025-05-25 22:30:40,529 [ERROR] News streaming error: 'StockDataStream' object has no attribute 'on_news'
2025-05-25 22:30:45,539 [ERROR] News streaming error: 'StockDataStream' object has no attribute 'on_news'
2025-05-25 22:30:50,564 [ERROR] News streaming error: 'StockDataStream' object has no attribute 'on_news'
2025-05-25 22:30:55,565 [ERROR] News streaming error: 'StockDataStream' object has no attribute 'on_news'
2025-05-25 22:31:00,570 [ERROR] News streaming error: 'StockDataStream' object has no attribute 'on_news'
2025-05-25 22:31:05,583 [ERROR] News streaming error: 'StockDataStream' object has no attribute 'on_news'
2025-05-25 22:31:10,579 [ERROR] News streaming error: 'StockDataStream' object has no attribute 'on_news'
2025-05-25 22:31:15,588 [ERROR] News streaming error: 'StockDataStream' object has no attribute 'on_news'
2025-05-25 22:31:20,602 [ERROR] News streaming error: 'StockDataStream' object has no attribute 'on_news'
2025-05-25 22:31:25,617 [ERROR] News streaming error: 'StockDataStream' object has no attribute 'on_news'
2025-05-25 22:31:30,634 [ERROR] News streaming error: 'StockDataStream' object has no attribute 'on_news'
2025-05-25 22:32:47,624 [INFO] Account updated: Cash=$100000.00, Portfolio=$100000.00, Buying Power=$200000.00, Positions=0
2025-05-25 22:32:47,722 [INFO] Complete Alpaca Strategy initialized in live mode
2025-05-25 22:32:47,722 [INFO] Starting Complete Alpaca Strategy...
2025-05-25 22:32:47,727 [INFO] Async components started in separate threads
2025-05-25 22:32:47,727 [INFO] Updating market data...
2025-05-25 22:32:47,727 [ERROR] News streaming error: 'StockDataStream' object has no attribute 'on_news'
2025-05-25 22:32:47,849 [WARNING] Invalid data for CVX: Data too old: 70.5 hours
2025-05-25 22:32:47,912 [WARNING] Invalid data for DDOG: Data too old: 70.5 hours
2025-05-25 22:32:47,970 [WARNING] Invalid data for GS: Data too old: 70.5 hours
2025-05-25 22:32:48,037 [WARNING] Invalid data for SHOP: Data too old: 70.5 hours
2025-05-25 22:32:48,107 [WARNING] Invalid data for QQQ: Data too old: 70.5 hours
2025-05-25 22:32:48,170 [WARNING] Invalid data for UNH: Data too old: 70.5 hours
2025-05-25 22:32:48,228 [WARNING] Invalid data for XLK: Data too old: 70.5 hours
2025-05-25 22:32:48,311 [WARNING] Invalid data for DAL: Data too old: 70.5 hours
2025-05-25 22:32:48,387 [WARNING] Invalid data for BRK.B: Data too old: 70.5 hours
2025-05-25 22:32:48,462 [WARNING] Invalid data for BLK: Data too old: 70.5 hours
2025-05-25 22:32:48,637 [WARNING] Invalid data for BAC: Data too old: 70.5 hours
2025-05-25 22:32:48,704 [WARNING] Invalid data for C: Data too old: 70.5 hours
2025-05-25 22:32:48,772 [WARNING] Invalid data for AAPL: Data too old: 70.5 hours
2025-05-25 22:32:48,846 [WARNING] Invalid data for ZM: Data too old: 70.5 hours
2025-05-25 22:32:48,909 [WARNING] Invalid data for INTC: Data too old: 70.5 hours
2025-05-25 22:32:48,967 [WARNING] Invalid data for AMZN: Data too old: 70.5 hours
2025-05-25 22:32:49,029 [WARNING] Invalid data for DIS: Data too old: 70.5 hours
2025-05-25 22:32:49,096 [WARNING] Invalid data for XLV: Data too old: 70.5 hours
2025-05-25 22:32:49,157 [WARNING] Invalid data for XLI: Data too old: 70.5 hours
2025-05-25 22:32:49,222 [WARNING] Invalid data for XLY: Data too old: 70.5 hours
2025-05-25 22:32:49,403 [WARNING] Invalid data for RIVN: Data too old: 70.5 hours
2025-05-25 22:32:49,476 [WARNING] Invalid data for PLTR: Data too old: 70.5 hours
2025-05-25 22:32:49,553 [WARNING] Invalid data for AVGO: Data too old: 70.5 hours
2025-05-25 22:32:49,657 [WARNING] Invalid data for COF: Data too old: 70.5 hours
2025-05-25 22:32:49,725 [WARNING] Invalid data for RIOT: Data too old: 70.5 hours
2025-05-25 22:32:49,793 [WARNING] Invalid data for XLRE: Data too old: 70.5 hours
2025-05-25 22:32:49,860 [WARNING] Invalid data for CRM: Data too old: 70.5 hours
2025-05-25 22:32:49,923 [WARNING] Invalid data for WFC: Data too old: 70.5 hours
2025-05-25 22:32:49,998 [WARNING] Invalid data for SPGI: Data too old: 70.5 hours
2025-05-25 22:32:50,062 [WARNING] Invalid data for CRWD: Data too old: 70.5 hours
2025-05-25 22:32:50,225 [WARNING] Invalid data for ORCL: Data too old: 70.5 hours
2025-05-25 22:32:50,283 [WARNING] Invalid data for PYPL: Data too old: 70.5 hours
2025-05-25 22:32:50,349 [WARNING] Invalid data for NUE: Data too old: 70.5 hours
2025-05-25 22:32:50,407 [WARNING] Invalid data for GOOGL: Data too old: 70.5 hours
2025-05-25 22:32:50,469 [WARNING] Invalid data for XLE: Data too old: 70.5 hours
2025-05-25 22:32:50,543 [WARNING] Invalid data for XLP: Data too old: 70.5 hours
2025-05-25 22:32:50,620 [WARNING] Invalid data for TSLA: Data too old: 70.5 hours
2025-05-25 22:32:50,699 [WARNING] Invalid data for AMD: Data too old: 70.5 hours
2025-05-25 22:32:50,767 [WARNING] Invalid data for TFC: Data too old: 70.5 hours
2025-05-25 22:32:50,840 [WARNING] Invalid data for MS: Data too old: 70.5 hours
2025-05-25 22:32:51,009 [WARNING] Invalid data for NFLX: Data too old: 70.5 hours
2025-05-25 22:32:51,081 [WARNING] Invalid data for PEP: Data too old: 70.5 hours
2025-05-25 22:32:51,152 [WARNING] Invalid data for MARA: Data too old: 70.5 hours
2025-05-25 22:32:51,224 [WARNING] Invalid data for USB: Data too old: 70.5 hours
2025-05-25 22:32:51,304 [WARNING] Invalid data for SNAP: Data too old: 70.5 hours
2025-05-25 22:32:51,358 [WARNING] Invalid data for PG: Data too old: 70.5 hours
2025-05-25 22:32:51,425 [WARNING] Invalid data for JPM: Data too old: 70.5 hours
2025-05-25 22:32:51,497 [WARNING] Invalid data for MCO: Data too old: 70.5 hours
2025-05-25 22:32:51,562 [WARNING] Invalid data for AXP: Data too old: 70.5 hours
2025-05-25 22:32:51,617 [WARNING] Invalid data for AAL: Data too old: 70.5 hours
2025-05-25 22:32:51,792 [WARNING] Invalid data for QCOM: Data too old: 70.5 hours
2025-05-25 22:32:51,864 [WARNING] Invalid data for AMC: Data too old: 70.5 hours
2025-05-25 22:32:51,944 [WARNING] Invalid data for UAL: Data too old: 70.5 hours
2025-05-25 22:32:52,024 [WARNING] Invalid data for V: Data too old: 70.5 hours
2025-05-25 22:32:52,096 [WARNING] Invalid data for PINS: Data too old: 70.5 hours
2025-05-25 22:32:52,153 [WARNING] Invalid data for MSFT: Data too old: 70.5 hours
2025-05-25 22:32:52,219 [WARNING] Invalid data for WMT: Data too old: 70.5 hours
2025-05-25 22:32:52,273 [WARNING] Invalid data for SMCI: Data too old: 70.5 hours
2025-05-25 22:32:52,349 [WARNING] Invalid data for DOCU: Data too old: 70.5 hours
2025-05-25 22:32:52,411 [WARNING] Invalid data for NET: Data too old: 70.5 hours
2025-05-25 22:32:52,576 [WARNING] Invalid data for TWLO: Data too old: 70.5 hours
2025-05-25 22:32:52,639 [WARNING] Invalid data for SCHW: Data too old: 70.5 hours
2025-05-25 22:32:52,697 [WARNING] Invalid data for MSTR: Data too old: 70.5 hours
2025-05-25 22:32:52,744 [ERROR] News streaming error: 'StockDataStream' object has no attribute 'on_news'
2025-05-25 22:32:52,760 [WARNING] Invalid data for GME: Data too old: 70.5 hours
2025-05-25 22:32:52,833 [WARNING] Invalid data for HD: Data too old: 70.5 hours
2025-05-25 22:32:52,904 [WARNING] Invalid data for CAT: Data too old: 70.5 hours
2025-05-25 22:32:52,964 [WARNING] Invalid data for FCX: Data too old: 70.5 hours
2025-05-25 22:32:53,023 [WARNING] Invalid data for META: Data too old: 70.5 hours
2025-05-25 22:32:53,086 [WARNING] Invalid data for AI: Data too old: 70.5 hours
2025-05-25 22:32:53,144 [WARNING] Invalid data for COIN: Data too old: 70.5 hours
2025-05-25 22:32:53,315 [WARNING] Invalid data for BA: Data too old: 70.5 hours
2025-05-25 22:32:53,373 [WARNING] Invalid data for NVDA: Data too old: 70.5 hours
2025-05-25 22:32:53,442 [WARNING] Invalid data for XOM: Data too old: 70.5 hours
2025-05-25 22:32:53,522 [WARNING] Invalid data for ROKU: Data too old: 70.5 hours
2025-05-25 22:32:53,592 [WARNING] Invalid data for IWM: Data too old: 70.5 hours
2025-05-25 22:32:53,655 [WARNING] Invalid data for SPY: Data too old: 70.5 hours
2025-05-25 22:32:53,717 [WARNING] Invalid data for LCID: Data too old: 70.5 hours
2025-05-25 22:32:53,780 [WARNING] Invalid data for SNOW: Data too old: 70.5 hours
2025-05-25 22:32:53,842 [WARNING] Invalid data for KO: Data too old: 70.5 hours
2025-05-25 22:32:53,923 [WARNING] Invalid data for LUV: Data too old: 70.5 hours
2025-05-25 22:32:54,107 [WARNING] Invalid data for ADBE: Data too old: 70.5 hours
2025-05-25 22:32:54,167 [WARNING] Invalid data for SOFI: Data too old: 70.5 hours
2025-05-25 22:32:54,237 [WARNING] Invalid data for XLU: Data too old: 70.5 hours
2025-05-25 22:32:54,311 [WARNING] Invalid data for DE: Data too old: 70.5 hours
2025-05-25 22:32:54,374 [WARNING] Invalid data for PNC: Data too old: 70.5 hours
2025-05-25 22:32:54,447 [WARNING] Invalid data for MA: Data too old: 70.5 hours
2025-05-25 22:32:54,791 [WARNING] Could not get VIX data
2025-05-25 22:32:54,847 [WARNING] Could not get rate data
2025-05-25 22:32:54,849 [INFO] Market sentiment: 0.000 (neutral), Confidence: 0.00
2025-05-25 22:32:54,859 [INFO] Calculating factor scores...
2025-05-25 22:32:54,859 [INFO] Market data updated: 0/86 symbols
2025-05-25 22:32:54,859 [WARNING] Failed symbols: ['CVX', 'DDOG', 'GS', 'SHOP', 'QQQ', 'UNH', 'XLK', 'DAL', 'BRK.B', 'BLK']...
2025-05-25 22:32:54,920 [INFO] Account updated: Cash=$100000.00, Portfolio=$100000.00, Buying Power=$200000.00, Positions=0
2025-05-25 22:32:54,920 [ERROR] 策略错误: 'AlpacaCompleteStrategy' object has no attribute 'morning_preparation'
Traceback (most recent call last):
  File "C:\Users\zzy12\OneDrive\桌面\alpaca_trading_strategy\run_weekend_test.py", line 56, in main
    strategy.run_live_trading()
  File "C:\Users\zzy12\OneDrive\桌面\alpaca_trading_strategy\complete_trading_strategy.py", line 2199, in run_live_trading
    schedule.every().day.at("09:00").do(self.morning_preparation)
                                        ^^^^^^^^^^^^^^^^^^^^^^^^
AttributeError: 'AlpacaCompleteStrategy' object has no attribute 'morning_preparation'
2025-05-25 22:32:57,757 [ERROR] News streaming error: 'StockDataStream' object has no attribute 'on_news'
2025-05-25 22:33:02,769 [ERROR] News streaming error: 'StockDataStream' object has no attribute 'on_news'
2025-05-25 22:33:07,779 [ERROR] News streaming error: 'StockDataStream' object has no attribute 'on_news'
2025-05-25 22:33:12,786 [ERROR] News streaming error: 'StockDataStream' object has no attribute 'on_news'
2025-05-25 22:33:17,787 [ERROR] News streaming error: 'StockDataStream' object has no attribute 'on_news'
2025-05-25 22:33:22,782 [ERROR] News streaming error: 'StockDataStream' object has no attribute 'on_news'
2025-05-25 22:33:27,785 [ERROR] News streaming error: 'StockDataStream' object has no attribute 'on_news'
2025-05-25 22:37:49,386 [INFO] Account updated: Cash=$100000.00, Portfolio=$100000.00, Buying Power=$200000.00, Positions=0
2025-05-25 22:37:49,550 [INFO] Complete Alpaca Strategy initialized in live mode
2025-05-25 22:37:49,551 [INFO] Starting Complete Alpaca Strategy...
2025-05-25 22:37:49,553 [INFO] Async components started in separate threads
2025-05-25 22:37:49,553 [INFO] Updating market data...
2025-05-25 22:37:49,557 [ERROR] News streaming error: 'StockDataStream' object has no attribute 'on_news'
2025-05-25 22:37:49,658 [WARNING] Invalid data for XLI: Data too old: 70.6 hours
2025-05-25 22:37:49,748 [WARNING] Invalid data for AVGO: Data too old: 70.6 hours
2025-05-25 22:37:49,819 [WARNING] Invalid data for SOFI: Data too old: 70.6 hours
2025-05-25 22:37:49,895 [WARNING] Invalid data for JPM: Data too old: 70.6 hours
2025-05-25 22:37:49,953 [WARNING] Invalid data for PNC: Data too old: 70.6 hours
2025-05-25 22:37:50,019 [WARNING] Invalid data for QCOM: Data too old: 70.6 hours
2025-05-25 22:37:50,079 [WARNING] Invalid data for SNOW: Data too old: 70.6 hours
2025-05-25 22:37:50,142 [WARNING] Invalid data for MSTR: Data too old: 70.6 hours
2025-05-25 22:37:50,209 [WARNING] Invalid data for GS: Data too old: 70.6 hours
2025-05-25 22:37:50,288 [WARNING] Invalid data for CRM: Data too old: 70.6 hours
2025-05-25 22:37:50,458 [WARNING] Invalid data for AAPL: Data too old: 70.6 hours
2025-05-25 22:37:50,538 [WARNING] Invalid data for ORCL: Data too old: 70.6 hours
2025-05-25 22:37:50,605 [WARNING] Invalid data for IWM: Data too old: 70.6 hours
2025-05-25 22:37:50,675 [WARNING] Invalid data for KO: Data too old: 70.6 hours
2025-05-25 22:37:50,744 [WARNING] Invalid data for MSFT: Data too old: 70.6 hours
2025-05-25 22:37:50,806 [WARNING] Invalid data for PINS: Data too old: 70.6 hours
2025-05-25 22:37:50,879 [WARNING] Invalid data for PYPL: Data too old: 70.6 hours
2025-05-25 22:37:50,936 [WARNING] Invalid data for SPGI: Data too old: 70.6 hours
2025-05-25 22:37:51,002 [WARNING] Invalid data for RIOT: Data too old: 70.6 hours
2025-05-25 22:37:51,071 [WARNING] Invalid data for FCX: Data too old: 70.6 hours
2025-05-25 22:37:51,246 [WARNING] Invalid data for QQQ: Data too old: 70.6 hours
2025-05-25 22:37:51,316 [WARNING] Invalid data for XLY: Data too old: 70.6 hours
2025-05-25 22:37:51,392 [WARNING] Invalid data for UNH: Data too old: 70.6 hours
2025-05-25 22:37:51,446 [WARNING] Invalid data for XLRE: Data too old: 70.6 hours
2025-05-25 22:37:51,509 [WARNING] Invalid data for DDOG: Data too old: 70.6 hours
2025-05-25 22:37:51,579 [WARNING] Invalid data for PEP: Data too old: 70.6 hours
2025-05-25 22:37:51,640 [WARNING] Invalid data for RIVN: Data too old: 70.6 hours
2025-05-25 22:37:51,744 [WARNING] Invalid data for AXP: Data too old: 70.6 hours
2025-05-25 22:37:51,820 [WARNING] Invalid data for INTC: Data too old: 70.6 hours
2025-05-25 22:37:51,894 [WARNING] Invalid data for MARA: Data too old: 70.6 hours
2025-05-25 22:37:52,052 [WARNING] Invalid data for PLTR: Data too old: 70.6 hours
2025-05-25 22:37:52,118 [WARNING] Invalid data for BRK.B: Data too old: 70.6 hours
2025-05-25 22:37:52,181 [WARNING] Invalid data for SPY: Data too old: 70.6 hours
2025-05-25 22:37:52,250 [WARNING] Invalid data for META: Data too old: 70.6 hours
2025-05-25 22:37:52,311 [WARNING] Invalid data for MA: Data too old: 70.6 hours
2025-05-25 22:37:52,384 [WARNING] Invalid data for DAL: Data too old: 70.6 hours
2025-05-25 22:37:52,452 [WARNING] Invalid data for SCHW: Data too old: 70.6 hours
2025-05-25 22:37:52,520 [WARNING] Invalid data for NUE: Data too old: 70.6 hours
2025-05-25 22:37:52,576 [WARNING] Invalid data for DOCU: Data too old: 70.6 hours
2025-05-25 22:37:52,633 [WARNING] Invalid data for BA: Data too old: 70.6 hours
2025-05-25 22:37:52,804 [WARNING] Invalid data for HD: Data too old: 70.6 hours
2025-05-25 22:37:52,865 [WARNING] Invalid data for AAL: Data too old: 70.6 hours
2025-05-25 22:37:52,933 [WARNING] Invalid data for NET: Data too old: 70.6 hours
2025-05-25 22:37:53,002 [WARNING] Invalid data for USB: Data too old: 70.6 hours
2025-05-25 22:37:53,055 [WARNING] Invalid data for XLU: Data too old: 70.6 hours
2025-05-25 22:37:53,123 [WARNING] Invalid data for SHOP: Data too old: 70.6 hours
2025-05-25 22:37:53,198 [WARNING] Invalid data for XLE: Data too old: 70.6 hours
2025-05-25 22:37:53,271 [WARNING] Invalid data for GOOGL: Data too old: 70.6 hours
2025-05-25 22:37:53,345 [WARNING] Invalid data for C: Data too old: 70.6 hours
2025-05-25 22:37:53,405 [WARNING] Invalid data for DE: Data too old: 70.6 hours
2025-05-25 22:37:53,565 [WARNING] Invalid data for MS: Data too old: 70.6 hours
2025-05-25 22:37:53,626 [WARNING] Invalid data for LUV: Data too old: 70.6 hours
2025-05-25 22:37:53,690 [WARNING] Invalid data for COIN: Data too old: 70.6 hours
2025-05-25 22:37:53,748 [WARNING] Invalid data for SMCI: Data too old: 70.6 hours
2025-05-25 22:37:53,816 [WARNING] Invalid data for TSLA: Data too old: 70.6 hours
2025-05-25 22:37:53,879 [WARNING] Invalid data for NFLX: Data too old: 70.6 hours
2025-05-25 22:37:53,932 [WARNING] Invalid data for XLV: Data too old: 70.6 hours
2025-05-25 22:37:53,997 [WARNING] Invalid data for ADBE: Data too old: 70.6 hours
2025-05-25 22:37:54,066 [WARNING] Invalid data for AMZN: Data too old: 70.6 hours
2025-05-25 22:37:54,121 [WARNING] Invalid data for TWLO: Data too old: 70.6 hours
2025-05-25 22:37:54,279 [WARNING] Invalid data for WFC: Data too old: 70.6 hours
2025-05-25 22:37:54,337 [WARNING] Invalid data for CAT: Data too old: 70.6 hours
2025-05-25 22:37:54,403 [WARNING] Invalid data for UAL: Data too old: 70.6 hours
2025-05-25 22:37:54,471 [WARNING] Invalid data for XLK: Data too old: 70.6 hours
2025-05-25 22:37:54,541 [WARNING] Invalid data for XLP: Data too old: 70.6 hours
2025-05-25 22:37:54,579 [ERROR] News streaming error: 'StockDataStream' object has no attribute 'on_news'
2025-05-25 22:37:54,618 [WARNING] Invalid data for AMD: Data too old: 70.6 hours
2025-05-25 22:37:54,676 [WARNING] Invalid data for DIS: Data too old: 70.6 hours
2025-05-25 22:37:54,729 [WARNING] Invalid data for XOM: Data too old: 70.6 hours
2025-05-25 22:37:54,787 [WARNING] Invalid data for WMT: Data too old: 70.6 hours
2025-05-25 22:37:54,876 [WARNING] Invalid data for AI: Data too old: 70.6 hours
2025-05-25 22:37:55,066 [WARNING] Invalid data for TFC: Data too old: 70.6 hours
2025-05-25 22:37:55,130 [WARNING] Invalid data for ZM: Data too old: 70.6 hours
2025-05-25 22:37:55,203 [WARNING] Invalid data for PG: Data too old: 70.6 hours
2025-05-25 22:37:55,278 [WARNING] Invalid data for COF: Data too old: 70.6 hours
2025-05-25 22:37:55,355 [WARNING] Invalid data for GME: Data too old: 70.6 hours
2025-05-25 22:37:55,416 [WARNING] Invalid data for LCID: Data too old: 70.6 hours
2025-05-25 22:37:55,477 [WARNING] Invalid data for MCO: Data too old: 70.6 hours
2025-05-25 22:37:55,551 [WARNING] Invalid data for NVDA: Data too old: 70.6 hours
2025-05-25 22:37:55,616 [WARNING] Invalid data for CRWD: Data too old: 70.6 hours
2025-05-25 22:37:55,692 [WARNING] Invalid data for BLK: Data too old: 70.6 hours
2025-05-25 22:37:55,882 [WARNING] Invalid data for V: Data too old: 70.6 hours
2025-05-25 22:37:55,944 [WARNING] Invalid data for BAC: Data too old: 70.6 hours
2025-05-25 22:37:56,002 [WARNING] Invalid data for ROKU: Data too old: 70.6 hours
2025-05-25 22:37:56,058 [WARNING] Invalid data for SNAP: Data too old: 70.6 hours
2025-05-25 22:37:56,117 [WARNING] Invalid data for CVX: Data too old: 70.6 hours
2025-05-25 22:37:56,186 [WARNING] Invalid data for AMC: Data too old: 70.6 hours
2025-05-25 22:37:56,564 [WARNING] Could not get VIX data
2025-05-25 22:37:56,710 [WARNING] Could not get rate data
2025-05-25 22:37:56,710 [INFO] Market sentiment: 0.000 (neutral), Confidence: 0.00
2025-05-25 22:37:56,711 [INFO] Calculating factor scores...
2025-05-25 22:37:56,711 [INFO] Market data updated: 0/86 symbols
2025-05-25 22:37:56,711 [WARNING] Failed symbols: ['XLI', 'AVGO', 'SOFI', 'JPM', 'PNC', 'QCOM', 'SNOW', 'MSTR', 'GS', 'CRM']...
2025-05-25 22:37:56,759 [INFO] Account updated: Cash=$100000.00, Portfolio=$100000.00, Buying Power=$200000.00, Positions=0
2025-05-25 22:37:56,760 [INFO] Strategy is now running...
2025-05-25 22:37:59,579 [ERROR] News streaming error: 'StockDataStream' object has no attribute 'on_news'
2025-05-25 22:38:04,579 [ERROR] News streaming error: 'StockDataStream' object has no attribute 'on_news'
2025-05-25 22:38:09,584 [ERROR] News streaming error: 'StockDataStream' object has no attribute 'on_news'
2025-05-25 22:38:14,597 [ERROR] News streaming error: 'StockDataStream' object has no attribute 'on_news'
2025-05-25 22:38:19,597 [ERROR] News streaming error: 'StockDataStream' object has no attribute 'on_news'
2025-05-25 22:38:24,623 [ERROR] News streaming error: 'StockDataStream' object has no attribute 'on_news'
2025-05-25 22:38:29,643 [ERROR] News streaming error: 'StockDataStream' object has no attribute 'on_news'
2025-05-25 22:38:34,648 [ERROR] News streaming error: 'StockDataStream' object has no attribute 'on_news'
2025-05-25 22:38:39,666 [ERROR] News streaming error: 'StockDataStream' object has no attribute 'on_news'
2025-05-25 22:38:44,670 [ERROR] News streaming error: 'StockDataStream' object has no attribute 'on_news'
2025-05-25 22:38:49,684 [ERROR] News streaming error: 'StockDataStream' object has no attribute 'on_news'
2025-05-25 22:38:54,703 [ERROR] News streaming error: 'StockDataStream' object has no attribute 'on_news'
2025-05-25 22:38:59,709 [ERROR] News streaming error: 'StockDataStream' object has no attribute 'on_news'
2025-05-25 22:39:04,733 [ERROR] News streaming error: 'StockDataStream' object has no attribute 'on_news'
2025-05-25 22:39:09,745 [ERROR] News streaming error: 'StockDataStream' object has no attribute 'on_news'
